<?xml version="1.0" encoding="UTF-8"?>
<!-- Generated by org.testng.reporters.JUnitReportReporter -->
<testsuite hostname="Admin-PC" failures="0" tests="1" name="login.addUser_cancel" time="7.779" errors="0" timestamp="2024-04-23T23:48:33 GMT+07:00" skipped="0">
  <testcase classname="login.addUser_cancel" name="addUserSuccess" time="7.779"/>
  <system-out/>
</testsuite> <!-- login.addUser_cancel -->
