<?xml version="1.0" encoding="UTF-8"?>
<!-- Generated by org.testng.reporters.JUnitReportReporter -->
<testsuite hostname="Admin-PC" failures="0" tests="6" name="term_major.add_terms" time="75.714" errors="0" timestamp="2024-04-20T16:25:40 GMT+07:00" skipped="0">
  <testcase classname="term_major.add_terms" name="addTerm_success" time="14.871"/>
  <system-out/>
  <testcase classname="term_major.add_terms" name="addTerm_noID_date" time="12.540"/>
  <system-out/>
  <testcase classname="term_major.add_terms" name="addTerm_wrongId" time="12.587"/>
  <system-out/>
  <testcase classname="term_major.add_terms" name="addTerm_maxweek_lesson_class" time="10.500"/>
  <system-out/>
  <testcase classname="term_major.add_terms" name="addTerm_minweek_lesson_class" time="10.473"/>
  <system-out/>
  <testcase classname="term_major.add_terms" name="addTerm_duplicated" time="14.743"/>
  <system-out/>
</testsuite> <!-- term_major.add_terms -->
