<?xml version="1.0" encoding="UTF-8"?>
<!-- Generated by org.testng.reporters.JUnitReportReporter -->
<testsuite hostname="Admin-PC" failures="0" tests="3" name="term_major.update_term" time="32.688" errors="0" timestamp="2024-04-20T18:07:45 GMT+07:00" skipped="0">
  <testcase classname="term_major.update_term" name="addTerm_success" time="11.583"/>
  <system-out/>
  <testcase classname="term_major.update_term" name="addTerm_maxweek_lesson_class" time="10.645"/>
  <system-out/>
  <testcase classname="term_major.update_term" name="addTerm_minweek_lesson_class" time="10.460"/>
  <system-out/>
</testsuite> <!-- term_major.update_term -->
