<?xml version="1.0" encoding="UTF-8"?>
<!-- Generated by org.testng.reporters.JUnitReportReporter -->
<testsuite hostname="Admin-PC" failures="0" tests="2" name="remuneration.delete_HHHV" time="6.741" errors="0" timestamp="2024-04-24T01:48:20 GMT+07:00" skipped="0">
  <testcase classname="remuneration.delete_HHHV" name="deleteHHHV_success" time="3.531"/>
  <system-out/>
  <testcase classname="remuneration.delete_HHHV" name="deleteHHHV_fail" time="3.210"/>
  <system-out/>
</testsuite> <!-- remuneration.delete_HHHV -->
