<?xml version="1.0" encoding="UTF-8"?>
<!-- Generated by org.testng.reporters.JUnitReportReporter -->
<testsuite hostname="Admin-PC" failures="0" tests="5" name="login.update_users" time="30.994" errors="0" timestamp="2024-04-20T16:43:22 GMT+07:00" skipped="0">
  <testcase classname="login.update_users" name="updateUser_success" time="7.250"/>
  <system-out/>
  <testcase classname="login.update_users" name="updateUser_noma" time="5.607"/>
  <system-out/>
  <testcase classname="login.update_users" name="updateUser_noname" time="5.627"/>
  <system-out/>
  <testcase classname="login.update_users" name="updateUser_wrongemail_ma" time="5.563"/>
  <system-out/>
  <testcase classname="login.update_users" name="updateUser_duplicated" time="6.947"/>
  <system-out/>
</testsuite> <!-- login.update_users -->
