<?xml version="1.0" encoding="UTF-8"?>
<!-- Generated by org.testng.reporters.JUnitReportReporter -->
<testsuite hostname="Admin-PC" failures="0" tests="4" name="remuneration.Update_HHHV" time="14.890" errors="0" timestamp="2024-04-20T21:12:40 GMT+07:00" skipped="0">
  <testcase classname="remuneration.Update_HHHV" name="addHHHV_success" time="4.616"/>
  <system-out/>
  <testcase classname="remuneration.Update_HHHV" name="addHHHV_noname" time="3.399"/>
  <system-out/>
  <testcase classname="remuneration.Update_HHHV" name="addHHHV_nolevel" time="3.421"/>
  <system-out/>
  <testcase classname="remuneration.Update_HHHV" name="addHHHV_wronglevel" time="3.454"/>
  <system-out/>
</testsuite> <!-- remuneration.Update_HHHV -->
