<?xml version="1.0" encoding="UTF-8"?>
<!-- Generated by org.testng.reporters.JUnitReportReporter -->
<testsuite hostname="Admin-PC" failures="0" tests="2" name="login.delete_users" time="8.627" errors="0" timestamp="2024-04-24T00:50:35 GMT+07:00" skipped="0">
  <testcase classname="login.delete_users" name="deleteUse_success" time="4.415"/>
  <system-out/>
  <testcase classname="login.delete_users" name="deleteUse_fail" time="4.212"/>
  <system-out/>
</testsuite> <!-- login.delete_users -->
