<?xml version="1.0" encoding="UTF-8"?>
<!-- Generated by org.testng.reporters.JUnitReportReporter -->
<testsuite hostname="Admin-PC" failures="0" tests="2" name="MAJOR.DeleteMajor_success" time="4.927" errors="0" timestamp="2024-04-24T01:22:35 GMT+07:00" skipped="0">
  <testcase classname="MAJOR.DeleteMajor_success" name="deleteMajor" time="2.568"/>
  <system-out/>
  <testcase classname="MAJOR.DeleteMajor_success" name="delete" time="2.359"/>
  <system-out/>
</testsuite> <!-- MAJOR.DeleteMajor_success -->
