<?xml version="1.0" encoding="UTF-8"?>
<!-- Generated by org.testng.reporters.JUnitReportReporter -->
<testsuite hostname="Admin-PC" failures="0" tests="1" name="login.add_user_duplicated" time="13.368" errors="0" timestamp="2024-04-19T21:10:17 GMT+07:00" skipped="0">
  <testcase classname="login.add_user_duplicated" name="addUser_duplicated" time="13.368"/>
  <system-out/>
</testsuite> <!-- login.add_user_duplicated -->
