<?xml version="1.0" encoding="UTF-8"?>
<!-- Generated by org.testng.reporters.JUnitReportReporter -->
<testsuite hostname="Admin-PC" failures="0" tests="4" name="remuneration.add_hh_hv" time="20.026" errors="0" timestamp="2024-04-24T01:28:13 GMT+07:00" skipped="0">
  <testcase classname="remuneration.add_hh_hv" name="addHHHV_success" time="5.769"/>
  <system-out/>
  <testcase classname="remuneration.add_hh_hv" name="addHHHV_noma" time="4.400"/>
  <system-out/>
  <testcase classname="remuneration.add_hh_hv" name="addHHHV_noname" time="4.389"/>
  <system-out/>
  <testcase classname="remuneration.add_hh_hv" name="addHHHV_wrong" time="5.468"/>
  <system-out/>
</testsuite> <!-- remuneration.add_hh_hv -->
